<?xml version="1.0" encoding="utf-8"?><testsuites name="pytest tests"><testsuite name="pytest" errors="0" failures="0" skipped="1" tests="50" time="19.568" timestamp="2026-06-26T17:36:49.983440+00:00" hostname="agent-env-fcf97337-f955-4715-837b-a480e1fbb294"><testcase classname="backend.tests.test_backend" name="test_health" time="0.244" /><testcase classname="backend.tests.test_backend" name="test_login_and_me[admin]" time="0.374" /><testcase classname="backend.tests.test_backend" name="test_login_and_me[reviewer]" time="0.392" /><testcase classname="backend.tests.test_backend" name="test_login_and_me[approver]" time="0.384" /><testcase classname="backend.tests.test_backend" name="test_login_and_me[sap]" time="0.373" /><testcase classname="backend.tests.test_backend" name="test_login_and_me[vendor]" time="0.379" /><testcase classname="backend.tests.test_backend" name="test_wrong_password_returns_401" time="0.335" /><testcase classname="backend.tests.test_backend" name="test_duplicate_register_returns_400" time="0.102" /><testcase classname="backend.tests.test_backend" name="test_register_new_vendor_and_me" time="0.375" /><testcase classname="backend.tests.test_backend" name="test_logout_clears_cookies" time="0.441" /><testcase classname="backend.tests.test_backend" name="test_stats_admin" time="0.362" /><testcase classname="backend.tests.test_backend" name="test_vendor_create_and_get" time="0.424" /><testcase classname="backend.tests.test_backend" name="test_vendor_cannot_create_second" time="0.049" /><testcase classname="backend.tests.test_backend" name="test_vendor_patch_compliance_bank_contacts" time="0.214" /><testcase classname="backend.tests.test_backend" name="test_vendor_submit" time="0.049" /><testcase classname="backend.tests.test_backend" name="test_vendor_cannot_edit_after_submit" time="0.046" /><testcase classname="backend.tests.test_backend" name="test_reviewer_sees_submitted" time="0.373" /><testcase classname="backend.tests.test_backend" name="test_reviewer_approve_moves_to_under_review" time="0.377" /><testcase classname="backend.tests.test_backend" name="test_approver_final_approve" time="0.415" /><testcase classname="backend.tests.test_backend" name="test_sap_mapping_creates_vendor_code" time="0.392" /><testcase classname="backend.tests.test_backend" name="test_sap_mapping_rejected_for_non_approved" time="0.738" /><testcase classname="backend.tests.test_backend" name="test_reject_flow" time="1.021" /><testcase classname="backend.tests.test_backend" name="test_request_revision_flow" time="0.928" /><testcase classname="backend.tests.test_backend" name="test_cloudinary_signature" time="0.045" /><testcase classname="backend.tests.test_backend" name="test_attach_and_verify_document" time="0.466" /><testcase classname="backend.tests.test_backend" name="test_admin_lists_users" time="0.387" /><testcase classname="backend.tests.test_backend" name="test_non_admin_forbidden_from_admin_users" time="0.482" /><testcase classname="backend.tests.test_backend" name="test_admin_patch_user_role" time="0.748" /><testcase classname="backend.tests.test_backend" name="test_vendor_cannot_view_other_vendor_record" time="0.409" /><testcase classname="backend.tests.test_p0_p1_p2" name="test_root_health_internal_probe" time="0.002" /><testcase classname="backend.tests.test_p0_p1_p2" name="test_cors_preflight_handled_at_edge" time="0.141" /><testcase classname="backend.tests.test_p0_p1_p2" name="test_cors_regex_via_internal_backend" time="0.003" /><testcase classname="backend.tests.test_p0_p1_p2" name="test_patch_invalid_gstin_returns_400" time="0.432" /><testcase classname="backend.tests.test_p0_p1_p2" name="test_patch_valid_gstin_returns_200" time="0.052" /><testcase classname="backend.tests.test_p0_p1_p2" name="test_patch_invalid_pan_returns_400" time="0.049" /><testcase classname="backend.tests.test_p0_p1_p2" name="test_patch_valid_pan_returns_200" time="0.046" /><testcase classname="backend.tests.test_p0_p1_p2" name="test_patch_invalid_ifsc_returns_400" time="0.048" /><testcase classname="backend.tests.test_p0_p1_p2" name="test_patch_valid_ifsc_returns_200" time="0.047" /><testcase classname="backend.tests.test_p0_p1_p2" name="test_submit_missing_pan_returns_400" time="0.454" /><testcase classname="backend.tests.test_p0_p1_p2" name="test_submit_missing_bank_returns_400" time="0.460" /><testcase classname="backend.tests.test_p0_p1_p2" name="test_submit_missing_docs_returns_400" time="0.512" /><testcase classname="backend.tests.test_p0_p1_p2" name="test_submit_full_payload_succeeds" time="0.619" /><testcase classname="backend.tests.test_p0_p1_p2" name="test_sap_push_invalid_company_code_rejected" time="1.738" /><testcase classname="backend.tests.test_p0_p1_p2" name="test_sap_push_invalid_account_group_rejected" time="0.389"><skipped type="pytest.xfail" message="BACKEND BUG: SapPushIn is missing field_validator for account_group; only company_code is whitelisted (SapMappingIn has both validators). Main agent should add the _ag validator to SapPushIn." /></testcase><testcase classname="backend.tests.test_p0_p1_p2" name="test_sap_push_success_sets_vendor_code" time="0.371" /><testcase classname="backend.tests.test_p0_p1_p2" name="test_sap_outbox_lists_done_entries" time="0.397" /><testcase classname="backend.tests.test_p0_p1_p2" name="test_reviewer_gets_notification_on_submit" time="1.003" /><testcase classname="backend.tests.test_p0_p1_p2" name="test_sla_alerts_shape" time="0.385" /><testcase classname="backend.tests.test_p0_p1_p2" name="test_export_xlsx_admin_returns_xlsx" time="0.564" /><testcase classname="backend.tests.test_p0_p1_p2" name="test_export_xlsx_vendor_forbidden" time="0.422" /></testsuite></testsuites>