<?xml version="1.0" encoding="utf-8"?><testsuites name="pytest tests"><testsuite name="pytest" errors="0" failures="1" skipped="0" tests="24" time="10.450" timestamp="2026-06-26T18:19:17.389730+00:00" hostname="agent-env-fcf97337-f955-4715-837b-a480e1fbb294"><testcase classname="backend.tests.test_iter3_4_5.TestCategories" name="test_list_seeds_four_families" time="0.572" /><testcase classname="backend.tests.test_iter3_4_5.TestCategories" name="test_admin_can_create_family" time="0.225" /><testcase classname="backend.tests.test_iter3_4_5.TestCategories" name="test_admin_can_create_and_delete_subcategory" time="0.547" /><testcase classname="backend.tests.test_iter3_4_5.TestCategories" name="test_non_admin_post_forbidden" time="0.464" /><testcase classname="backend.tests.test_iter3_4_5.TestCompliance" name="test_get_returns_8_checks" time="0.307" /><testcase classname="backend.tests.test_iter3_4_5.TestCompliance" name="test_run_persists" time="0.257" /><testcase classname="backend.tests.test_iter3_4_5.TestCompliance" name="test_vendor_post_forbidden" time="0.237" /><testcase classname="backend.tests.test_iter3_4_5.TestSettings" name="test_change_password_wrong_current" time="0.333" /><testcase classname="backend.tests.test_iter3_4_5.TestSettings" name="test_change_password_correct_and_revert" time="1.766" /><testcase classname="backend.tests.test_iter3_4_5.TestSettings" name="test_notification_prefs_persist" time="0.104" /><testcase classname="backend.tests.test_iter3_4_5.TestPurchaseOrders" name="test_list_seeds_pos" time="0.096" /><testcase classname="backend.tests.test_iter3_4_5.TestPurchaseOrders" name="test_vendor_only_sees_own_pos" time="0.106" /><testcase classname="backend.tests.test_iter3_4_5.TestGRNsAndOps" name="test_list_seeds_grns" time="0.118" /><testcase classname="backend.tests.test_iter3_4_5.TestGRNsAndOps" name="test_create_grn_updates_po" time="0.488" /><testcase classname="backend.tests.test_iter3_4_5.TestGRNsAndOps" name="test_ops_stats_keys" time="0.102" /><testcase classname="backend.tests.test_iter3_4_5.TestInvoices" name="test_list_seeds_with_match_result" time="0.112" /><testcase classname="backend.tests.test_iter3_4_5.TestInvoices" name="test_invoice_stats_keys" time="0.097" /><testcase classname="backend.tests.test_iter3_4_5.TestInvoices" name="test_create_no_po_blocks_with_NO_PO_flag" time="0.222" /><testcase classname="backend.tests.test_iter3_4_5.TestInvoices" name="test_create_with_po_no_grn_blocked_with_NO_GRN" time="0.199" /><testcase classname="backend.tests.test_iter3_4_5.TestInvoices" name="test_create_with_amount_variance_held" time="0.325" /><testcase classname="backend.tests.test_iter3_4_5.TestInvoices" name="test_create_clean_match_auto_approved" time="0.311" /><testcase classname="backend.tests.test_iter3_4_5.TestInvoices" name="test_run_bot_processes_held" time="0.144" /><testcase classname="backend.tests.test_iter3_4_5.TestInvoices" name="test_rerun_match_single" time="0.205" /><testcase classname="backend.tests.test_iter3_4_5.TestOCR" name="test_ocr_returns_ok_or_502" time="2.994"><failure message="AssertionError: unexpected status 500: Internal Server Error&#10;assert 500 in (200, 502, 503)&#10; +  where 500 = &lt;Response [500]&gt;.status_code">backend/tests/test_iter3_4_5.py:354: in test_ocr_returns_ok_or_502
    assert r.status_code in (200, 502, 503), f"unexpected status {r.status_code}: {r.text[:300]}"
E   AssertionError: unexpected status 500: Internal Server Error
E   assert 500 in (200, 502, 503)
E    +  where 500 = &lt;Response [500]&gt;.status_code</failure></testcase></testsuite></testsuites>