<?xml version="1.0" encoding="utf-8"?><testsuites name="pytest tests"><testsuite name="pytest" errors="0" failures="1" skipped="0" tests="29" time="11.072" timestamp="2026-06-26T06:25:39.301282+00:00" hostname="agent-env-fcf97337-f955-4715-837b-a480e1fbb294"><testcase classname="backend.tests.test_backend" name="test_health" time="0.328" /><testcase classname="backend.tests.test_backend" name="test_login_and_me[admin]" time="0.415" /><testcase classname="backend.tests.test_backend" name="test_login_and_me[reviewer]" time="0.416" /><testcase classname="backend.tests.test_backend" name="test_login_and_me[approver]" time="0.407" /><testcase classname="backend.tests.test_backend" name="test_login_and_me[sap]" time="0.406" /><testcase classname="backend.tests.test_backend" name="test_login_and_me[vendor]" time="0.405" /><testcase classname="backend.tests.test_backend" name="test_wrong_password_returns_401" time="0.336" /><testcase classname="backend.tests.test_backend" name="test_duplicate_register_returns_400" time="0.103" /><testcase classname="backend.tests.test_backend" name="test_register_new_vendor_and_me" time="0.325"><failure message="AssertionError: assert 'test_user_575eb81d@test.com' == 'TEST_user_575eb81d@test.com'&#10;  &#10;  - TEST_user_575eb81d@test.com&#10;  ? ^^^^&#10;  + test_user_575eb81d@test.com&#10;  ? ^^^^">backend/tests/test_backend.py:72: in test_register_new_vendor_and_me
    assert user["email"] == email
E   AssertionError: assert 'test_user_575eb81d@test.com' == 'TEST_user_575eb81d@test.com'
E     
E     - TEST_user_575eb81d@test.com
E     ? ^^^^
E     + test_user_575eb81d@test.com
E     ? ^^^^</failure></testcase><testcase classname="backend.tests.test_backend" name="test_logout_clears_cookies" time="0.410" /><testcase classname="backend.tests.test_backend" name="test_stats_admin" time="0.366" /><testcase classname="backend.tests.test_backend" name="test_vendor_create_and_get" time="0.444" /><testcase classname="backend.tests.test_backend" name="test_vendor_cannot_create_second" time="0.044" /><testcase classname="backend.tests.test_backend" name="test_vendor_patch_compliance_bank_contacts" time="0.045" /><testcase classname="backend.tests.test_backend" name="test_vendor_submit" time="0.044" /><testcase classname="backend.tests.test_backend" name="test_vendor_cannot_edit_after_submit" time="0.043" /><testcase classname="backend.tests.test_backend" name="test_reviewer_sees_submitted" time="0.382" /><testcase classname="backend.tests.test_backend" name="test_reviewer_approve_moves_to_under_review" time="0.374" /><testcase classname="backend.tests.test_backend" name="test_approver_final_approve" time="0.405" /><testcase classname="backend.tests.test_backend" name="test_sap_mapping_creates_vendor_code" time="0.377" /><testcase classname="backend.tests.test_backend" name="test_sap_mapping_rejected_for_non_approved" time="0.763" /><testcase classname="backend.tests.test_backend" name="test_reject_flow" time="0.840" /><testcase classname="backend.tests.test_backend" name="test_request_revision_flow" time="0.881" /><testcase classname="backend.tests.test_backend" name="test_cloudinary_signature" time="0.046" /><testcase classname="backend.tests.test_backend" name="test_attach_and_verify_document" time="0.419" /><testcase classname="backend.tests.test_backend" name="test_admin_lists_users" time="0.375" /><testcase classname="backend.tests.test_backend" name="test_non_admin_forbidden_from_admin_users" time="0.369" /><testcase classname="backend.tests.test_backend" name="test_admin_patch_user_role" time="0.689" /><testcase classname="backend.tests.test_backend" name="test_vendor_cannot_view_other_vendor_record" time="0.412" /></testsuite></testsuites>